Command line invocation:
    /Applications/Xcode_26.3.app/Contents/Developer/usr/bin/xcodebuild archive -workspace ./RemoteControl.xcworkspace -scheme RemoteControl -configuration Release -destination generic/platform=iOS -skipMacroValidation -skipPackagePluginValidation -archivePath /Users/runner/work/Remote_Control_Today/Remote_Control_Today/build.xcarchive

ComputePackagePrebuildTargetDependencyGraph

Prepare packages

CreateBuildRequest

SendProjectDescription

CreateBuildOperation

ComputeTargetDependencyGraph
note: Building targets in dependency order
note: Target dependency graph (16 targets)
    Target 'RemoteControl' in project 'RemoteControl'
        ➜ Implicit dependency on target 'Pods-RemoteControl' in project 'Pods' via file 'Pods_RemoteControl.framework' in build phase 'Link Binary'
        ➜ Implicit dependency on target 'CoreSubscriptionKit' in project 'Pods' via options '-framework CoreSubscriptionKit' in build setting 'OTHER_LDFLAGS'
        ➜ Implicit dependency on target 'BUTTSDKFramework' in project 'Pods' via options '-framework TTSDKFramework' in build setting 'OTHER_LDFLAGS'
    Target 'Pods-RemoteControl' in project 'Pods'
        ➜ Explicit dependency on target 'Ads-CN' in project 'Pods'
        ➜ Explicit dependency on target 'AnyThinkMediationAdxSmartdigimktCNAdapter' in project 'Pods'
        ➜ Explicit dependency on target 'AnyThinkMediationBaiduAdapter' in project 'Pods'
        ➜ Explicit dependency on target 'AnyThinkMediationGDTAdapter' in project 'Pods'
        ➜ Explicit dependency on target 'AnyThinkMediationGromoreAdapter' in project 'Pods'
        ➜ Explicit dependency on target 'AnyThinkMediationTTAdapter_Mix' in project 'Pods'
        ➜ Explicit dependency on target 'AnyThinkiOS' in project 'Pods'
        ➜ Explicit dependency on target 'BUTTSDKFramework' in project 'Pods'
        ➜ Explicit dependency on target 'BaiduMobAdSDK' in project 'Pods'
        ➜ Explicit dependency on target 'CoreSubscriptionKit' in project 'Pods'
        ➜ Explicit dependency on target 'GDTMobSDK' in project 'Pods'
        ➜ Explicit dependency on target 'SmartdigimktCNSDK' in project 'Pods'
        ➜ Explicit dependency on target 'UMCommon' in project 'Pods'
        ➜ Explicit dependency on target 'UMDevice' in project 'Pods'
    Target 'CoreSubscriptionKit' in project 'Pods'
        ➜ Explicit dependency on target 'UMCommon' in project 'Pods'
        ➜ Explicit dependency on target 'UMDevice' in project 'Pods'
    Target 'UMCommon' in project 'Pods'
        ➜ Explicit dependency on target 'UMDevice' in project 'Pods'
    Target 'UMDevice' in project 'Pods' (no dependencies)
    Target 'AnyThinkMediationTTAdapter_Mix' in project 'Pods'
        ➜ Explicit dependency on target 'Ads-CN' in project 'Pods'
        ➜ Explicit dependency on target 'AnyThinkiOS' in project 'Pods'
    Target 'AnyThinkMediationGromoreAdapter' in project 'Pods'
        ➜ Explicit dependency on target 'Ads-CN' in project 'Pods'
        ➜ Explicit dependency on target 'AnyThinkiOS' in project 'Pods'
    Target 'AnyThinkMediationGDTAdapter' in project 'Pods'
        ➜ Explicit dependency on target 'AnyThinkiOS' in project 'Pods'
        ➜ Explicit dependency on target 'GDTMobSDK' in project 'Pods'
    Target 'GDTMobSDK' in project 'Pods' (no dependencies)
    Target 'AnyThinkMediationBaiduAdapter' in project 'Pods'
        ➜ Explicit dependency on target 'AnyThinkiOS' in project 'Pods'
        ➜ Explicit dependency on target 'BaiduMobAdSDK' in project 'Pods'
    Target 'BaiduMobAdSDK' in project 'Pods' (no dependencies)
    Target 'AnyThinkMediationAdxSmartdigimktCNAdapter' in project 'Pods'
        ➜ Explicit dependency on target 'AnyThinkiOS' in project 'Pods'
        ➜ Explicit dependency on target 'SmartdigimktCNSDK' in project 'Pods'
    Target 'SmartdigimktCNSDK' in project 'Pods' (no dependencies)
    Target 'AnyThinkiOS' in project 'Pods' (no dependencies)
    Target 'Ads-CN' in project 'Pods'
        ➜ Explicit dependency on target 'BUTTSDKFramework' in project 'Pods'
    Target 'BUTTSDKFramework' in project 'Pods' (no dependencies)

GatherProvisioningInputs

CreateBuildDescription

ExecuteExternalTool /Applications/Xcode_26.3.app/Contents/Developer/Toolchains/XcodeDefault.xctoolchain/usr/bin/clang -v -E -dM -isysroot /Applications/Xcode_26.3.app/Contents/Developer/Platforms/iPhoneOS.platform/Developer/SDKs/iPhoneOS26.2.sdk -x c -c /dev/null

ExecuteExternalTool /Applications/Xcode_26.3.app/Contents/Developer/Toolchains/XcodeDefault.xctoolchain/usr/bin/clang -v -E -dM -arch arm64 -isysroot /Applications/Xcode_26.3.app/Contents/Developer/Platforms/iPhoneOS.platform/Developer/SDKs/iPhoneOS26.2.sdk -x c -c /dev/null

ExecuteExternalTool /Applications/Xcode_26.3.app/Contents/Developer/Toolchains/XcodeDefault.xctoolchain/usr/bin/clang -v -E -dM -arch arm64 -isysroot /Applications/Xcode_26.3.app/Contents/Developer/Platforms/iPhoneOS.platform/Developer/SDKs/iPhoneOS26.2.sdk -x objective-c -c /dev/null

ExecuteExternalTool /Applications/Xcode_26.3.app/Contents/Developer/usr/bin/actool --print-asset-tag-combinations --output-format xml1 /Users/runner/work/Remote_Control_Today/Remote_Control_Today/Sources/Resources/Assets.xcassets

ExecuteExternalTool /Applications/Xcode_26.3.app/Contents/Developer/Toolchains/XcodeDefault.xctoolchain/usr/bin/swiftc --version

ExecuteExternalTool /Applications/Xcode_26.3.app/Contents/Developer/Toolchains/XcodeDefault.xctoolchain/usr/bin/libtool -V

ExecuteExternalTool /Applications/Xcode_26.3.app/Contents/Developer/usr/bin/actool --version --output-format xml1

ExecuteExternalTool /Applications/Xcode_26.3.app/Contents/Developer/Toolchains/XcodeDefault.xctoolchain/usr/bin/ld -version_details

Build description signature: 880b525c1b68bea5bc2acee3bdca4a4a
Build description path: /Users/runner/Library/Developer/Xcode/DerivedData/RemoteControl-fcjwnemtorncrhhjizqoyktqofqy/Build/Intermediates.noindex/ArchiveIntermediates/RemoteControl/IntermediateBuildFilesPath/XCBuildData/880b525c1b68bea5bc2acee3bdca4a4a.xcbuilddata
/Users/runner/work/Remote_Control_Today/Remote_Control_Today/RemoteControl.xcodeproj: error: Provisioning profile "appstore-6763206459-20260702033507666" doesn't include the App Groups capability. (in target 'RemoteControl' from project 'RemoteControl')
/Users/runner/work/Remote_Control_Today/Remote_Control_Today/RemoteControl.xcodeproj: error: Provisioning profile "appstore-6763206459-20260702033507666" doesn't support the group.com.linlonghui.share App Group. (in target 'RemoteControl' from project 'RemoteControl')
/Users/runner/work/Remote_Control_Today/Remote_Control_Today/RemoteControl.xcodeproj: error: Provisioning profile "appstore-6763206459-20260702033507666" doesn't include the com.apple.security.application-groups entitlement. (in target 'RemoteControl' from project 'RemoteControl')
** ARCHIVE FAILED **


The following build commands failed:
	Archiving workspace RemoteControl with scheme RemoteControl
(1 failure)
